<?xml version="1.0" encoding="UTF-8"?>
<testsuite xmlns:xsi="http://www.w3.org/2001/XMLSchema-instance" xsi:noNamespaceSchemaLocation="https://maven.apache.org/surefire/maven-surefire-plugin/xsd/surefire-test-report-3.0.xsd" version="3.0" name="TestSuite" time="46.197" tests="2" errors="0" skipped="0" failures="0">
  <properties>
    <property name="sun.desktop" value="windows"/>
    <property name="awt.toolkit" value="sun.awt.windows.WToolkit"/>
    <property name="java.specification.version" value="9"/>
    <property name="file.encoding.pkg" value="sun.io"/>
    <property name="webdriver.chrome.driver" value="G:\Development\Charitha\Java_Eclipse_Workspace\Spicejet\src\main\java\resources\chromedriver.exe"/>
    <property name="sun.cpu.isalist" value="amd64"/>
    <property name="sun.jnu.encoding" value="Cp1252"/>
    <property name="java.class.path" value="G:\Development\Charitha\Java_Eclipse_Workspace\Spicejet\target\test-classes;G:\Development\Charitha\Java_Eclipse_Workspace\Spicejet\target\classes;G:\Development\MavenRepository\junit\junit\4.11\junit-4.11.jar;G:\Development\MavenRepository\org\hamcrest\hamcrest-core\1.3\hamcrest-core-1.3.jar;G:\Development\MavenRepository\org\seleniumhq\selenium\selenium-java\3.141.59\selenium-java-3.141.59.jar;G:\Development\MavenRepository\org\seleniumhq\selenium\selenium-api\3.141.59\selenium-api-3.141.59.jar;G:\Development\MavenRepository\org\seleniumhq\selenium\selenium-chrome-driver\3.141.59\selenium-chrome-driver-3.141.59.jar;G:\Development\MavenRepository\org\seleniumhq\selenium\selenium-edge-driver\3.141.59\selenium-edge-driver-3.141.59.jar;G:\Development\MavenRepository\org\seleniumhq\selenium\selenium-firefox-driver\3.141.59\selenium-firefox-driver-3.141.59.jar;G:\Development\MavenRepository\org\seleniumhq\selenium\selenium-ie-driver\3.141.59\selenium-ie-driver-3.141.59.jar;G:\Development\MavenRepository\org\seleniumhq\selenium\selenium-opera-driver\3.141.59\selenium-opera-driver-3.141.59.jar;G:\Development\MavenRepository\org\seleniumhq\selenium\selenium-remote-driver\3.141.59\selenium-remote-driver-3.141.59.jar;G:\Development\MavenRepository\org\seleniumhq\selenium\selenium-safari-driver\3.141.59\selenium-safari-driver-3.141.59.jar;G:\Development\MavenRepository\org\seleniumhq\selenium\selenium-support\3.141.59\selenium-support-3.141.59.jar;G:\Development\MavenRepository\net\bytebuddy\byte-buddy\1.8.15\byte-buddy-1.8.15.jar;G:\Development\MavenRepository\org\apache\commons\commons-exec\1.3\commons-exec-1.3.jar;G:\Development\MavenRepository\com\google\guava\guava\25.0-jre\guava-25.0-jre.jar;G:\Development\MavenRepository\com\google\code\findbugs\jsr305\1.3.9\jsr305-1.3.9.jar;G:\Development\MavenRepository\org\checkerframework\checker-compat-qual\2.0.0\checker-compat-qual-2.0.0.jar;G:\Development\MavenRepository\com\google\errorprone\error_prone_annotations\2.1.3\error_prone_annotations-2.1.3.jar;G:\Development\MavenRepository\com\google\j2objc\j2objc-annotations\1.1\j2objc-annotations-1.1.jar;G:\Development\MavenRepository\org\codehaus\mojo\animal-sniffer-annotations\1.14\animal-sniffer-annotations-1.14.jar;G:\Development\MavenRepository\com\squareup\okhttp3\okhttp\3.11.0\okhttp-3.11.0.jar;G:\Development\MavenRepository\com\squareup\okio\okio\1.14.0\okio-1.14.0.jar;G:\Development\MavenRepository\org\testng\testng\7.3.0\testng-7.3.0.jar;G:\Development\MavenRepository\com\beust\jcommander\1.78\jcommander-1.78.jar;G:\Development\MavenRepository\org\apache\ant\ant\1.10.3\ant-1.10.3.jar;G:\Development\MavenRepository\org\apache\ant\ant-launcher\1.10.3\ant-launcher-1.10.3.jar;G:\Development\MavenRepository\com\google\inject\guice\4.2.2\guice-4.2.2-no_aop.jar;G:\Development\MavenRepository\javax\inject\javax.inject\1\javax.inject-1.jar;G:\Development\MavenRepository\aopalliance\aopalliance\1.0\aopalliance-1.0.jar;G:\Development\MavenRepository\org\yaml\snakeyaml\1.21\snakeyaml-1.21.jar;G:\Development\MavenRepository\commons-io\commons-io\2.8.0\commons-io-2.8.0.jar;G:\Development\MavenRepository\com\aventstack\extentreports\5.0.4\extentreports-5.0.4.jar;G:\Development\MavenRepository\io\reactivex\rxjava3\rxjava\3.0.4\rxjava-3.0.4.jar;G:\Development\MavenRepository\org\reactivestreams\reactive-streams\1.0.3\reactive-streams-1.0.3.jar;G:\Development\MavenRepository\org\freemarker\freemarker\2.3.30\freemarker-2.3.30.jar;G:\Development\MavenRepository\org\projectlombok\lombok\1.18.12\lombok-1.18.12.jar;G:\Development\MavenRepository\com\google\code\gson\gson\2.8.6\gson-2.8.6.jar;G:\Development\MavenRepository\org\apache\logging\log4j\log4j-api\2.13.3\log4j-api-2.13.3.jar;G:\Development\MavenRepository\org\apache\logging\log4j\log4j-core\2.13.3\log4j-core-2.13.3.jar;G:\Development\MavenRepository\info\cukes\cucumber-junit\1.2.5\cucumber-junit-1.2.5.jar;G:\Development\MavenRepository\info\cukes\cucumber-core\1.2.5\cucumber-core-1.2.5.jar;G:\Development\MavenRepository\info\cukes\cucumber-html\0.2.3\cucumber-html-0.2.3.jar;G:\Development\MavenRepository\info\cukes\cucumber-jvm-deps\1.0.5\cucumber-jvm-deps-1.0.5.jar;G:\Development\MavenRepository\info\cukes\gherkin\2.12.2\gherkin-2.12.2.jar;G:\Development\MavenRepository\info\cukes\cucumber-java\1.2.5\cucumber-java-1.2.5.jar;G:\Development\MavenRepository\info\cukes\cucumber-testng\1.2.5\cucumber-testng-1.2.5.jar;"/>
    <property name="java.vm.vendor" value="Oracle Corporation"/>
    <property name="sun.arch.data.model" value="64"/>
    <property name="user.variant" value=""/>
    <property name="java.vendor.url" value="http://java.oracle.com/"/>
    <property name="user.timezone" value="Europe/London"/>
    <property name="java.vm.specification.version" value="9"/>
    <property name="os.name" value="Windows 10"/>
    <property name="sun.java.launcher" value="SUN_STANDARD"/>
    <property name="user.country" value="GB"/>
    <property name="sun.boot.library.path" value="C:\Program Files\Java\jdk-9.0.1\bin"/>
    <property name="sun.java.command" value="C:\Users\Charitha Joshi\AppData\Local\Temp\surefire2871724495384373646\surefirebooter18352391115005651795.jar C:\Users\Charitha Joshi\AppData\Local\Temp\surefire2871724495384373646 2020-11-23T22-46-15_485-jvmRun1 surefire16879990865841023578tmp surefire_02045609100621984510tmp"/>
    <property name="jdk.debug" value="release"/>
    <property name="surefire.test.class.path" value="G:\Development\Charitha\Java_Eclipse_Workspace\Spicejet\target\test-classes;G:\Development\Charitha\Java_Eclipse_Workspace\Spicejet\target\classes;G:\Development\MavenRepository\junit\junit\4.11\junit-4.11.jar;G:\Development\MavenRepository\org\hamcrest\hamcrest-core\1.3\hamcrest-core-1.3.jar;G:\Development\MavenRepository\org\seleniumhq\selenium\selenium-java\3.141.59\selenium-java-3.141.59.jar;G:\Development\MavenRepository\org\seleniumhq\selenium\selenium-api\3.141.59\selenium-api-3.141.59.jar;G:\Development\MavenRepository\org\seleniumhq\selenium\selenium-chrome-driver\3.141.59\selenium-chrome-driver-3.141.59.jar;G:\Development\MavenRepository\org\seleniumhq\selenium\selenium-edge-driver\3.141.59\selenium-edge-driver-3.141.59.jar;G:\Development\MavenRepository\org\seleniumhq\selenium\selenium-firefox-driver\3.141.59\selenium-firefox-driver-3.141.59.jar;G:\Development\MavenRepository\org\seleniumhq\selenium\selenium-ie-driver\3.141.59\selenium-ie-driver-3.141.59.jar;G:\Development\MavenRepository\org\seleniumhq\selenium\selenium-opera-driver\3.141.59\selenium-opera-driver-3.141.59.jar;G:\Development\MavenRepository\org\seleniumhq\selenium\selenium-remote-driver\3.141.59\selenium-remote-driver-3.141.59.jar;G:\Development\MavenRepository\org\seleniumhq\selenium\selenium-safari-driver\3.141.59\selenium-safari-driver-3.141.59.jar;G:\Development\MavenRepository\org\seleniumhq\selenium\selenium-support\3.141.59\selenium-support-3.141.59.jar;G:\Development\MavenRepository\net\bytebuddy\byte-buddy\1.8.15\byte-buddy-1.8.15.jar;G:\Development\MavenRepository\org\apache\commons\commons-exec\1.3\commons-exec-1.3.jar;G:\Development\MavenRepository\com\google\guava\guava\25.0-jre\guava-25.0-jre.jar;G:\Development\MavenRepository\com\google\code\findbugs\jsr305\1.3.9\jsr305-1.3.9.jar;G:\Development\MavenRepository\org\checkerframework\checker-compat-qual\2.0.0\checker-compat-qual-2.0.0.jar;G:\Development\MavenRepository\com\google\errorprone\error_prone_annotations\2.1.3\error_prone_annotations-2.1.3.jar;G:\Development\MavenRepository\com\google\j2objc\j2objc-annotations\1.1\j2objc-annotations-1.1.jar;G:\Development\MavenRepository\org\codehaus\mojo\animal-sniffer-annotations\1.14\animal-sniffer-annotations-1.14.jar;G:\Development\MavenRepository\com\squareup\okhttp3\okhttp\3.11.0\okhttp-3.11.0.jar;G:\Development\MavenRepository\com\squareup\okio\okio\1.14.0\okio-1.14.0.jar;G:\Development\MavenRepository\org\testng\testng\7.3.0\testng-7.3.0.jar;G:\Development\MavenRepository\com\beust\jcommander\1.78\jcommander-1.78.jar;G:\Development\MavenRepository\org\apache\ant\ant\1.10.3\ant-1.10.3.jar;G:\Development\MavenRepository\org\apache\ant\ant-launcher\1.10.3\ant-launcher-1.10.3.jar;G:\Development\MavenRepository\com\google\inject\guice\4.2.2\guice-4.2.2-no_aop.jar;G:\Development\MavenRepository\javax\inject\javax.inject\1\javax.inject-1.jar;G:\Development\MavenRepository\aopalliance\aopalliance\1.0\aopalliance-1.0.jar;G:\Development\MavenRepository\org\yaml\snakeyaml\1.21\snakeyaml-1.21.jar;G:\Development\MavenRepository\commons-io\commons-io\2.8.0\commons-io-2.8.0.jar;G:\Development\MavenRepository\com\aventstack\extentreports\5.0.4\extentreports-5.0.4.jar;G:\Development\MavenRepository\io\reactivex\rxjava3\rxjava\3.0.4\rxjava-3.0.4.jar;G:\Development\MavenRepository\org\reactivestreams\reactive-streams\1.0.3\reactive-streams-1.0.3.jar;G:\Development\MavenRepository\org\freemarker\freemarker\2.3.30\freemarker-2.3.30.jar;G:\Development\MavenRepository\org\projectlombok\lombok\1.18.12\lombok-1.18.12.jar;G:\Development\MavenRepository\com\google\code\gson\gson\2.8.6\gson-2.8.6.jar;G:\Development\MavenRepository\org\apache\logging\log4j\log4j-api\2.13.3\log4j-api-2.13.3.jar;G:\Development\MavenRepository\org\apache\logging\log4j\log4j-core\2.13.3\log4j-core-2.13.3.jar;G:\Development\MavenRepository\info\cukes\cucumber-junit\1.2.5\cucumber-junit-1.2.5.jar;G:\Development\MavenRepository\info\cukes\cucumber-core\1.2.5\cucumber-core-1.2.5.jar;G:\Development\MavenRepository\info\cukes\cucumber-html\0.2.3\cucumber-html-0.2.3.jar;G:\Development\MavenRepository\info\cukes\cucumber-jvm-deps\1.0.5\cucumber-jvm-deps-1.0.5.jar;G:\Development\MavenRepository\info\cukes\gherkin\2.12.2\gherkin-2.12.2.jar;G:\Development\MavenRepository\info\cukes\cucumber-java\1.2.5\cucumber-java-1.2.5.jar;G:\Development\MavenRepository\info\cukes\cucumber-testng\1.2.5\cucumber-testng-1.2.5.jar;"/>
    <property name="sun.cpu.endian" value="little"/>
    <property name="user.home" value="C:\Users\Charitha Joshi"/>
    <property name="user.language" value="en"/>
    <property name="java.specification.vendor" value="Oracle Corporation"/>
    <property name="java.home" value="C:\Program Files\Java\jdk-9.0.1"/>
    <property name="file.separator" value="\"/>
    <property name="basedir" value="G:\Development\Charitha\Java_Eclipse_Workspace\Spicejet"/>
    <property name="java.vm.compressedOopsMode" value="Zero based"/>
    <property name="line.separator" value="&#10;"/>
    <property name="java.vm.specification.vendor" value="Oracle Corporation"/>
    <property name="java.specification.name" value="Java Platform API Specification"/>
    <property name="java.awt.graphicsenv" value="sun.awt.Win32GraphicsEnvironment"/>
    <property name="surefire.real.class.path" value="C:\Users\Charitha Joshi\AppData\Local\Temp\surefire2871724495384373646\surefirebooter18352391115005651795.jar"/>
    <property name="user.script" value=""/>
    <property name="sun.management.compiler" value="HotSpot 64-Bit Tiered Compilers"/>
    <property name="java.runtime.version" value="9.0.1+11"/>
    <property name="user.name" value="Charitha Joshi"/>
    <property name="path.separator" value=";"/>
    <property name="os.version" value="10.0"/>
    <property name="java.runtime.name" value="Java(TM) SE Runtime Environment"/>
    <property name="file.encoding" value="Cp1252"/>
    <property name="java.vm.name" value="Java HotSpot(TM) 64-Bit Server VM"/>
    <property name="localRepository" value="G:\Development\MavenRepository"/>
    <property name="java.vendor.url.bug" value="http://bugreport.java.com/bugreport/"/>
    <property name="java.io.tmpdir" value="C:\Users\CHARIT~1\AppData\Local\Temp\"/>
    <property name="java.version" value="9.0.1"/>
    <property name="user.dir" value="G:\Development\Charitha\Java_Eclipse_Workspace\Spicejet"/>
    <property name="os.arch" value="amd64"/>
    <property name="java.vm.specification.name" value="Java Virtual Machine Specification"/>
    <property name="java.awt.printerjob" value="sun.awt.windows.WPrinterJob"/>
    <property name="sun.os.patch.level" value=""/>
    <property name="java.library.path" value="C:\Program Files\Java\jdk-9.0.1\bin;C:\WINDOWS\Sun\Java\bin;C:\WINDOWS\system32;C:\WINDOWS;C:\Program Files\Broadcom\Broadcom 802.11 Network Adapter;C:\Program Files (x86)\Intel\iCLS Client\;G:\My Software\Python3.7.1\Scripts\;G:\My Software\Python3.7.1\;C:\Program Files\Java\jdk-9.0.1\bin;C:\Program Files\Intel\iCLS Client\;C:\Windows\system32;C:\Windows;C:\Windows\System32\Wbem;C:\Windows\System32\WindowsPowerShell\v1.0\;C:\Program Files\WIDCOMM\Bluetooth Software\;C:\Program Files\WIDCOMM\Bluetooth Software\syswow64;C:\Program Files (x86)\NVIDIA Corporation\PhysX\Common;C:\WINDOWS\system32;C:\WINDOWS;C:\WINDOWS\System32\Wbem;C:\WINDOWS\System32\WindowsPowerShell\v1.0\;G:\Mining\build_monero\CMake\bin;G:\Development\putty\;G:\Development\Cmake\bin;C:\WINDOWS\system32;C:\WINDOWS;C:\WINDOWS\System32\Wbem;C:\WINDOWS\System32\WindowsPowerShell\v1.0\;C:\WINDOWS\System32\OpenSSH\;G:\Development\apache-maven-3.6.3\bin;C:\Program Files\NVIDIA Corporation\NVIDIA NvDLISR;G:\My Software\WinSCP\;C:\Program Files (x86)\Intel\Intel(R) Management Engine Components\DAL;C:\Program Files\Intel\Intel(R) Management Engine Components\DAL;C:\Program Files (x86)\Intel\Intel(R) Management Engine Components\IPT;C:\Program Files\Intel\Intel(R) Management Engine Components\IPT;C:\Program Files\Docker\Docker\resources\bin;C:\ProgramData\DockerDesktop\version-bin;C:\Program Files\Java\jdk-9.0.1\bin;C:\Users\Charitha Joshi\AppData\Local\Microsoft\WindowsApps;;."/>
    <property name="java.vm.info" value="mixed mode"/>
    <property name="java.vendor" value="Oracle Corporation"/>
    <property name="java.vm.version" value="9.0.1+11"/>
    <property name="sun.io.unicode.encoding" value="UnicodeLittle"/>
    <property name="java.class.version" value="53.0"/>
  </properties>
  <testcase name="spiceClubLogin[7208935924, password](1)" classname="E2ESpicejet.Spicejet.LoginSignUpTests" time="17.502">
    <system-err><![CDATA[Starting ChromeDriver 86.0.4240.22 (398b0743353ff36fb1b82468f63a3a93b4e2e89e-refs/branch-heads/4240@{#378}) on port 48896
Only local connections are allowed.
Please see https://chromedriver.chromium.org/security-considerations for suggestions on keeping ChromeDriver safe.
ChromeDriver was started successfully.
[1606171581.192][WARNING]: This version of ChromeDriver has not been tested with Chrome version 87.
Nov 23, 2020 10:46:23 PM org.openqa.selenium.remote.ProtocolHandshake createSession
INFO: Detected dialect: W3C
]]></system-err>
  </testcase>
  <testcase name="spiceClubLogin[charithats@gmail.com, spicejet](2)" classname="E2ESpicejet.Spicejet.LoginSignUpTests" time="16.36"/>
</testsuite>