<?xml version="1.0" encoding="UTF-8"?>
<!-- Generated by org.testng.reporters.JUnitReportReporter -->
<testsuite hostname="Joshi-DELL-Laptop" failures="0" tests="1" name="E2ESpicejet.Spicejet.CentralBannerTests" time="5.620" errors="0" timestamp="2020-11-23T12:12:34 GMT" skipped="0">
  <testcase classname="E2ESpicejet.Spicejet.CentralBannerTests" name="clickBanner" time="5.620"/>
  <system-out/>
</testsuite> <!-- E2ESpicejet.Spicejet.CentralBannerTests -->
