<?xml version="1.0" encoding="UTF-8"?>
<!-- Generated by org.testng.reporters.JUnitReportReporter -->
<testsuite hostname="Joshi-DELL-Laptop" failures="0" tests="2" name="E2ESpicejet.Spicejet.FlightSearchTests" time="47.237" errors="0" timestamp="2020-11-23T12:24:45 GMT" skipped="0">
  <testcase classname="E2ESpicejet.Spicejet.FlightSearchTests" name="flightBooking" time="41.929"/>
  <system-out/>
  <testcase classname="E2ESpicejet.Spicejet.FlightSearchTests" name="flightBookingSearch" time="5.308"/>
  <system-out/>
</testsuite> <!-- E2ESpicejet.Spicejet.FlightSearchTests -->
