<?xml version="1.0" encoding="UTF-8"?>
<!-- Generated by org.testng.reporters.JUnitReportReporter -->
<testsuite hostname="Joshi-DELL-Laptop" failures="0" tests="2" name="E2ESpicejet.Spicejet.LoginSignUpTests" time="34.358" errors="0" timestamp="2020-11-23T12:31:32 GMT" skipped="0">
  <testcase classname="E2ESpicejet.Spicejet.LoginSignUpTests" name="spiceClubLogin" time="18.009"/>
  <system-out/>
  <testcase classname="E2ESpicejet.Spicejet.LoginSignUpTests" name="spiceClubLogin" time="16.349"/>
  <system-out/>
</testsuite> <!-- E2ESpicejet.Spicejet.LoginSignUpTests -->
