<?xml version="1.0" encoding="UTF-8"?>
<!-- Generated by org.testng.reporters.JUnitReportReporter -->
<testsuite hostname="Joshi-DELL-Laptop" failures="0" tests="1" name="E2ESpicejet.Spicejet.FinancialInformationInvestorsTests" time="31.018" errors="0" timestamp="2020-11-23T12:12:34 GMT" skipped="0">
  <testcase classname="E2ESpicejet.Spicejet.FinancialInformationInvestorsTests" name="readAnnualReports" time="31.018"/>
  <system-out/>
</testsuite> <!-- E2ESpicejet.Spicejet.FinancialInformationInvestorsTests -->
