<?xml version="1.0" encoding="UTF-8"?>
<!-- Generated by org.testng.reporters.JUnitReportReporter -->
<testsuite hostname="JOSHIs-DESKTOP" failures="0" tests="1" name="E2ESpicejet.Spicejet.FinancialInformationInvestorsTest" time="30.121" errors="0" timestamp="2020-11-22T13:21:42 GMT" skipped="0">
  <testcase classname="E2ESpicejet.Spicejet.FinancialInformationInvestorsTest" name="readAnnualReports" time="30.121"/>
  <system-out/>
</testsuite> <!-- E2ESpicejet.Spicejet.FinancialInformationInvestorsTest -->
