<?xml version="1.0" encoding="UTF-8"?>
<!-- Generated by org.testng.reporters.JUnitReportReporter -->
<testsuite hostname="JOSHIs-DESKTOP" failures="0" tests="1" name="CucumberOptions.TestRunner" time="33.007" errors="0" timestamp="2020-11-23T22:43:25 GMT" skipped="0">
  <testcase classname="CucumberOptions.TestRunner" name="feature" time="33.007"/>
  <system-out/>
</testsuite> <!-- CucumberOptions.TestRunner -->
