<?xml version="1.0" encoding="UTF-8"?>
<!-- Generated by org.testng.reporters.JUnitReportReporter -->
<testsuite hostname="Joshi-DELL-Laptop" failures="0" tests="1" name="E2ESpicejet.Spicejet.FooterLinksTests" time="322.524" errors="0" timestamp="2020-11-23T12:12:34 GMT" skipped="0">
  <testcase classname="E2ESpicejet.Spicejet.FooterLinksTests" name="clickFooterLinks" time="322.524"/>
  <system-out/>
</testsuite> <!-- E2ESpicejet.Spicejet.FooterLinksTests -->
