<?xml version="1.0" encoding="UTF-8"?>
<!-- Generated by org.testng.reporters.JUnitReportReporter -->
<testsuite hostname="JOSHIs-DESKTOP" failures="0" tests="2" name="E2ESpicejet.Spicejet.LoginSignUpTests" time="33.889" errors="0" timestamp="2020-11-23T22:47:03 GMT" skipped="0">
  <testcase classname="E2ESpicejet.Spicejet.LoginSignUpTests" name="spiceClubLogin" time="17.528"/>
  <system-out/>
  <testcase classname="E2ESpicejet.Spicejet.LoginSignUpTests" name="spiceClubLogin" time="16.361"/>
  <system-out/>
</testsuite> <!-- E2ESpicejet.Spicejet.LoginSignUpTests -->
